<?xml version="1.0" encoding="UTF-8"?>
<!-- Generated by org.testng.reporters.JUnitReportReporter -->
<testsuite hostname="Vrrusali" failures="0" tests="2" name="com.qa.practice.test.RegisterUserTest" time="0.054" errors="0" timestamp="19 Mar 2025 09:43:47 GMT" skipped="0">
  <testcase classname="com.qa.practice.test.RegisterUserTest" name="HomePageTitleTest" time="0.042"/>
  <testcase classname="com.qa.practice.test.RegisterUserTest" name="HomePageURLTest" time="0.012"/>
</testsuite> <!-- com.qa.practice.test.RegisterUserTest -->
