<?xml version="1.0" encoding="UTF-8"?>
<!-- Generated by org.testng.reporters.JUnitReportReporter -->
<testsuite hostname="Vrrusali" failures="0" tests="4" name="com.qa.practice.test.HomePageTest" time="2.717" errors="0" timestamp="24 Feb 2025 12:19:10 GMT" skipped="0">
  <testcase classname="com.qa.practice.test.HomePageTest" name="SignupLoginLinkExistTest" time="0.071"/>
  <testcase classname="com.qa.practice.test.HomePageTest" name="HomePageURLTest" time="0.019"/>
  <testcase classname="com.qa.practice.test.HomePageTest" name="SignupLoginClickTest" time="2.606"/>
  <testcase classname="com.qa.practice.test.HomePageTest" name="HomePageTitleTest" time="0.021"/>
</testsuite> <!-- com.qa.practice.test.HomePageTest -->
