<?xml version="1.0" encoding="UTF-8"?>
<!-- Generated by org.testng.reporters.JUnitReportReporter -->
<testsuite hostname="Vrrusali" failures="0" tests="6" name="com.qa.practice.test.SignupLoginPageTest" time="7.047" errors="0" timestamp="19 Mar 2025 16:07:33 GMT" skipped="0">
  <testcase classname="com.qa.practice.test.SignupLoginPageTest" name="SignupLoginLinkExistTest" time="0.350"/>
  <testcase classname="com.qa.practice.test.SignupLoginPageTest" name="SignupLoginPageURLTest" time="0.017"/>
  <testcase classname="com.qa.practice.test.SignupLoginPageTest" name="SignupLoginPageTitleTest" time="0.071"/>
  <testcase classname="com.qa.practice.test.SignupLoginPageTest" name="doSignUp" time="3.562"/>
  <testcase classname="com.qa.practice.test.SignupLoginPageTest" name="NUlbTest" time="0.041"/>
  <testcase classname="com.qa.practice.test.SignupLoginPageTest" name="SignupLoginClickTest" time="3.006"/>
</testsuite> <!-- com.qa.practice.test.SignupLoginPageTest -->
